#
# A fatal error has been detected by the Java Runtime Environment:
#
#  SIGSEGV (0xb) at pc=0x0000000106fcfc3e, pid=5706, tid=16643
#
# JRE version: Java(TM) SE Runtime Environment (8.0_51-b16) (build 1.8.0_51-b16)
# Java VM: Java HotSpot(TM) 64-Bit Server VM (25.51-b03 mixed mode bsd-amd64 compressed oops)
# Problematic frame:
# V  [libjvm.dylib+0x432c3e]
#
# Failed to write core dump. Core dumps have been disabled. To enable core dumping, try "ulimit -c unlimited" before starting Java again
#
# If you would like to submit a bug report, please visit:
#   http://bugreport.java.com/bugreport/crash.jsp
#

---------------  T H R E A D  ---------------

Current thread (0x00007f83e9821800):  JavaThread "JDWP Transport Listener: dt_socket" daemon [_thread_in_vm, id=16643, stack(0x000000011ff6c000,0x000000012006c000)]

siginfo: si_signo: 11 (SIGSEGV), si_code: 0 (unknown), si_addr: 0x0000000000000000

Registers:
RAX=0x0000000000000001, RBX=0x74616e6769536570, RCX=0x0000000107397190, RDX=0x000000012006ba8b
RSP=0x000000012006b9d0, RBP=0x000000012006b9e0, RSI=0x00007f83e9821800, RDI=0x00007f83e9440002
R8 =0x0000000000000003, R9 =0x00007f83e9400000, R10=0x0000000000000020, R11=0x00007f83e9400000
R12=0x00007f83e9821800, R13=0x00007f83e9440002, R14=0x00007f83e9440002, R15=0x00007f83e9505690
RIP=0x0000000106fcfc3e, EFLAGS=0x0000000000010216, ERR=0x0000000000000000
  TRAPNO=0x000000000000000d

Top of Stack: (sp=0x000000012006b9d0)
0x000000012006b9d0:   000000012006ba8b 000000012006ba8b
0x000000012006b9e0:   000000012006ba40 0000000106edff8e
0x000000012006b9f0:   00007f83e9821800 0000000000000000
0x000000012006ba00:   0000000000000000 0000000000000000
0x000000012006ba10:   00007f83e9821800 00007f83e9821800
0x000000012006ba20:   000000012006ba8b 000000012006ba90
0x000000012006ba30:   00007f83e9440002 0000000000000002
0x000000012006ba40:   000000012006ba60 0000000107c84780
0x000000012006ba50:   0000000000000001 000000012006bb08
0x000000012006ba60:   000000012006bad0 0000000107c691f3
0x000000012006ba70:   000000012006baa0 00007f83e944ccf0
0x000000012006ba80:   0000000300000032 000000010006bb08
0x000000012006ba90:   0000000000000000 0000000000000000
0x000000012006baa0:   0000000000000000 000000012006bc90
0x000000012006bab0:   0000000107c8be7a 00007f83e942e320
0x000000012006bac0:   000000012006bb08 0000000107c97598
0x000000012006bad0:   000000012006bae0 0000000107c692ec
0x000000012006bae0:   000000012006bd00 0000000107c72898
0x000000012006baf0:   0000074b00000013 00000000000f0200
0x000000012006bb00:   00007f83e944cd30 000000012006bbad
0x000000012006bb10:   00007f83000000d7 000000012006bb20
0x000000012006bb20:   00007f8300000055 000000012006bb58
0x000000012006bb30:   0000000000000000 00007f0000000000
0x000000012006bb40:   0000074b0000001c 00007fff0000df80
0x000000012006bb50:   000000012006bb58 837f000003000000
0x000000012006bb60:   0600000048a643e9 00003e74696e693c
0x000000012006bb70:   0000005629280300 7f00000100000000
0x000000012006bb80:   00000060a643e983 70614d7473657415
0x000000012006bb90:   75516f61636e7546 00006f6461726461
0x000000012006bba0:   0000005629280300 0011000100000000
0x000000012006bbb0:   00b8ac43e9837f00 0064000000000000
0x000000012006bbc0:   0103000800000000 1200000000000000 

Instructions: (pc=0x0000000106fcfc3e)
0x0000000106fcfc1e:   31 c0 5d c3 55 48 89 e5 53 48 83 ec 08 48 85 ff
0x0000000106fcfc2e:   74 24 48 8b 1f 48 85 db 74 1c 48 83 fb 37 74 16
0x0000000106fcfc3e:   48 8b 03 48 89 df ff 50 10 84 c0 b8 00 00 00 00
0x0000000106fcfc4e:   48 0f 45 c3 eb 02 31 c0 48 83 c4 08 5b 5d c3 90 

Register to memory mapping:

RAX=0x0000000000000001 is an unknown value
RBX=0x74616e6769536570 is an unknown value
RCX=0x0000000107397190: UseMembar+0 in /Library/Java/JavaVirtualMachines/jdk1.8.0_51.jdk/Contents/Home/jre/lib/server/libjvm.dylib at 0x0000000106b9d000
RDX=0x000000012006ba8b is pointing into the stack for thread: 0x00007f83e9821800
RSP=0x000000012006b9d0 is pointing into the stack for thread: 0x00007f83e9821800
RBP=0x000000012006b9e0 is pointing into the stack for thread: 0x00007f83e9821800
RSI=0x00007f83e9821800 is a thread
RDI=0x00007f83e9440002 is an unknown value
R8 =0x0000000000000003 is an unknown value
R9 =0x00007f83e9400000 is an unknown value
R10=0x0000000000000020 is an unknown value
R11=0x00007f83e9400000 is an unknown value
R12=0x00007f83e9821800 is a thread
R13=0x00007f83e9440002 is an unknown value
R14=0x00007f83e9440002 is an unknown value
R15=0x00007f83e9505690 is an unknown value


Stack: [0x000000011ff6c000,0x000000012006c000],  sp=0x000000012006b9d0,  free space=1022k
Native frames: (J=compiled Java code, j=interpreted, Vv=VM code, C=native code)
V  [libjvm.dylib+0x432c3e]
V  [libjvm.dylib+0x342f8e]
C  [libjdwp.dylib+0x20780]  isMethodSynthetic+0x63
C  [libjdwp.dylib+0x51f3]  methods1+0x10b
C  [libjdwp.dylib+0x52ec]  methodsWithGeneric+0xe
C  [libjdwp.dylib+0xe898]  debugLoop_run+0x1ce
C  [libjdwp.dylib+0x1f6ba]  attachThread+0x4d
V  [libjvm.dylib+0x383f3c]
V  [libjvm.dylib+0x549a6f]
V  [libjvm.dylib+0x54b160]
V  [libjvm.dylib+0x46e99e]
C  [libsystem_pthread.dylib+0x3268]  _pthread_body+0x83
C  [libsystem_pthread.dylib+0x31e5]  _pthread_body+0x0
C  [libsystem_pthread.dylib+0x141d]  thread_start+0xd
C  0x0000000000000000


---------------  P R O C E S S  ---------------

Java Threads: ( => current thread )
  0x00007f83e9903000 JavaThread "ReaderThread" [_thread_in_native, id=20739, stack(0x00000001208bc000,0x00000001209bc000)]
  0x00007f83eb009800 JavaThread "Service Thread" daemon [_thread_blocked, id=19715, stack(0x000000012057e000,0x000000012067e000)]
  0x00007f83ea036800 JavaThread "C1 CompilerThread2" daemon [_thread_blocked, id=19203, stack(0x000000012047b000,0x000000012057b000)]
  0x00007f83e982e000 JavaThread "C2 CompilerThread1" daemon [_thread_blocked, id=18691, stack(0x0000000120378000,0x0000000120478000)]
  0x00007f83ea801000 JavaThread "C2 CompilerThread0" daemon [_thread_blocked, id=18179, stack(0x0000000120275000,0x0000000120375000)]
  0x00007f83e982d000 JavaThread "JDWP Command Reader" daemon [_thread_in_native, id=17667, stack(0x0000000120172000,0x0000000120272000)]
  0x00007f83eb008000 JavaThread "JDWP Event Helper Thread" daemon [_thread_blocked, id=17155, stack(0x000000012006f000,0x000000012016f000)]
=>0x00007f83e9821800 JavaThread "JDWP Transport Listener: dt_socket" daemon [_thread_in_vm, id=16643, stack(0x000000011ff6c000,0x000000012006c000)]
  0x00007f83ea06b000 JavaThread "Signal Dispatcher" daemon [_thread_blocked, id=13335, stack(0x000000011fe62000,0x000000011ff62000)]
  0x00007f83ea805000 JavaThread "Finalizer" daemon [_thread_blocked, id=11523, stack(0x000000011e44b000,0x000000011e54b000)]
  0x00007f83e980f800 JavaThread "Reference Handler" daemon [_thread_blocked, id=11011, stack(0x000000011e348000,0x000000011e448000)]
  0x00007f83ea804800 JavaThread "main" [_thread_blocked, id=3331, stack(0x0000000107b07000,0x0000000107c07000)]

Other Threads:
  0x00007f83ea061000 VMThread [stack: 0x000000011e245000,0x000000011e345000] [id=10499]
  0x00007f83eb008800 WatcherThread [stack: 0x0000000120681000,0x0000000120781000] [id=20227]

VM state:not at safepoint (normal execution)

VM Mutex/Monitor currently owned by a thread: None

Heap:
 PSYoungGen      total 38400K, used 7331K [0x0000000795580000, 0x0000000798000000, 0x00000007c0000000)
  eden space 33280K, 22% used [0x0000000795580000,0x0000000795ca8cd0,0x0000000797600000)
  from space 5120K, 0% used [0x0000000797b00000,0x0000000797b00000,0x0000000798000000)
  to   space 5120K, 0% used [0x0000000797600000,0x0000000797600000,0x0000000797b00000)
 ParOldGen       total 87552K, used 0K [0x0000000740000000, 0x0000000745580000, 0x0000000795580000)
  object space 87552K, 0% used [0x0000000740000000,0x0000000740000000,0x0000000745580000)
 Metaspace       used 4696K, capacity 4964K, committed 5248K, reserved 1056768K
  class space    used 539K, capacity 598K, committed 640K, reserved 1048576K

Card table byte_map: [0x00000001179c0000,0x0000000117dc1000] byte_map_base: 0x0000000113fc0000

Marking Bits: (ParMarkBitMap*) 0x000000010745f7a0
 Begin Bits: [0x0000000118375000, 0x000000011a375000)
 End Bits:   [0x000000011a375000, 0x000000011c375000)

Polling page: 0x0000000107c4c000

CodeCache: size=245760Kb used=1484Kb max_used=1484Kb free=244276Kb
 bounds [0x0000000108600000, 0x0000000108870000, 0x0000000117600000]
 total_blobs=493 nmethods=221 adapters=194
 compilation: enabled

Compilation events (10 events):
Event: 0.425 Thread 0x00007f83ea036800 nmethod 173 0x0000000108763390 code [0x0000000108763540, 0x0000000108763928]
Event: 0.425 Thread 0x00007f83ea036800  174       3       java.util.concurrent.ConcurrentHashMap::setTabAt (19 bytes)
Event: 0.425 Thread 0x00007f83ea036800 nmethod 174 0x0000000108763e90 code [0x0000000108763fe0, 0x0000000108764150]
Event: 0.427 Thread 0x00007f83ea036800  176       3       java.util.concurrent.ConcurrentHashMap::putIfAbsent (8 bytes)
Event: 0.427 Thread 0x00007f83ea036800 nmethod 176 0x00000001087641d0 code [0x0000000108764340, 0x0000000108764568]
Event: 0.427 Thread 0x00007f83ea036800  178   !   3       java.net.URL::<init> (543 bytes)
Event: 0.432 Thread 0x00007f83ea036800 nmethod 178 0x0000000108764610 code [0x0000000108764b40, 0x00000001087698a8]
Event: 0.432 Thread 0x00007f83ea036800  177       3       java.net.URL::<init> (8 bytes)
Event: 0.433 Thread 0x00007f83ea036800 nmethod 177 0x000000010876bed0 code [0x000000010876c040, 0x000000010876c208]
Event: 0.441 Thread 0x00007f83e982e000 nmethod 172% 0x000000010876f810 code [0x000000010876f9a0, 0x0000000108770318]

GC Heap History (0 events):
No events

Deoptimization events (1 events):
Event: 0.360 Thread 0x00007f83ea804800 Uncommon trap: reason=unstable_if action=reinterpret pc=0x0000000108724d0c method=java.lang.String.hashCode()I @ 14

Internal exceptions (10 events):
Event: 0.358 Thread 0x00007f83ea804800 Exception <a 'java/security/PrivilegedActionException'> (0x00000007958a3cf0) thrown at [/Users/java_re/workspace/8-2-build-macosx-x86_64/jdk8u51/3951/hotspot/src/share/vm/prims/jvm.cpp, line 1382]
Event: 0.358 Thread 0x00007f83ea804800 Exception <a 'java/security/PrivilegedActionException'> (0x00000007958a3ea8) thrown at [/Users/java_re/workspace/8-2-build-macosx-x86_64/jdk8u51/3951/hotspot/src/share/vm/prims/jvm.cpp, line 1382]
Event: 0.358 Thread 0x00007f83ea804800 Exception <a 'java/security/PrivilegedActionException'> (0x00000007958a4c40) thrown at [/Users/java_re/workspace/8-2-build-macosx-x86_64/jdk8u51/3951/hotspot/src/share/vm/prims/jvm.cpp, line 1382]
Event: 0.358 Thread 0x00007f83ea804800 Exception <a 'java/security/PrivilegedActionException'> (0x00000007958a4df8) thrown at [/Users/java_re/workspace/8-2-build-macosx-x86_64/jdk8u51/3951/hotspot/src/share/vm/prims/jvm.cpp, line 1382]
Event: 0.359 Thread 0x00007f83ea804800 Exception <a 'java/security/PrivilegedActionException'> (0x00000007958a5bd8) thrown at [/Users/java_re/workspace/8-2-build-macosx-x86_64/jdk8u51/3951/hotspot/src/share/vm/prims/jvm.cpp, line 1382]
Event: 0.359 Thread 0x00007f83ea804800 Exception <a 'java/security/PrivilegedActionException'> (0x00000007958a5d90) thrown at [/Users/java_re/workspace/8-2-build-macosx-x86_64/jdk8u51/3951/hotspot/src/share/vm/prims/jvm.cpp, line 1382]
Event: 0.359 Thread 0x00007f83ea804800 Exception <a 'java/security/PrivilegedActionException'> (0x00000007958a6b70) thrown at [/Users/java_re/workspace/8-2-build-macosx-x86_64/jdk8u51/3951/hotspot/src/share/vm/prims/jvm.cpp, line 1382]
Event: 0.359 Thread 0x00007f83ea804800 Exception <a 'java/security/PrivilegedActionException'> (0x00000007958a6d28) thrown at [/Users/java_re/workspace/8-2-build-macosx-x86_64/jdk8u51/3951/hotspot/src/share/vm/prims/jvm.cpp, line 1382]
Event: 10.298 Thread 0x00007f83ea804800 Exception <a 'java/lang/NoSuchFieldError': method resolution failed> (0x0000000795baf248) thrown at [/Users/java_re/workspace/8-2-build-macosx-x86_64/jdk8u51/3951/hotspot/src/share/vm/prims/methodHandles.cpp, line 1125]
Event: 10.339 Thread 0x00007f83ea804800 Exception <a 'java/lang/NoSuchFieldError': method resolution failed> (0x0000000795bbdba8) thrown at [/Users/java_re/workspace/8-2-build-macosx-x86_64/jdk8u51/3951/hotspot/src/share/vm/prims/methodHandles.cpp, line 1125]

Events (10 events):
Event: 10.625 Executing VM operation: ChangeSingleStep
Event: 10.625 Executing VM operation: ChangeSingleStep done
Event: 10.625 Executing VM operation: ChangeSingleStep
Event: 10.625 Executing VM operation: ChangeSingleStep done
Event: 10.651 Executing VM operation: GetOrSetLocal
Event: 10.651 Executing VM operation: GetOrSetLocal done
Event: 13.348 Executing VM operation: GetOrSetLocal
Event: 13.348 Executing VM operation: GetOrSetLocal done
Event: 25.876 Executing VM operation: RedefineClasses
Event: 25.877 Executing VM operation: RedefineClasses done


Dynamic libraries:
0x0000000004ce6000 	/System/Library/Frameworks/Cocoa.framework/Versions/A/Cocoa
0x0000000004ce6000 	/System/Library/Frameworks/Security.framework/Versions/A/Security
0x0000000004ce6000 	/System/Library/Frameworks/ApplicationServices.framework/Versions/A/ApplicationServices
0x0000000004ce6000 	/usr/lib/libz.1.dylib
0x0000000004ce6000 	/usr/lib/libSystem.B.dylib
0x0000000004ce6000 	/usr/lib/libobjc.A.dylib
0x0000000004ce6000 	/System/Library/Frameworks/CoreFoundation.framework/Versions/A/CoreFoundation
0x0000000004ce6000 	/System/Library/Frameworks/Foundation.framework/Versions/C/Foundation
0x0000000004ce6000 	/System/Library/Frameworks/AppKit.framework/Versions/C/AppKit
0x0000000004ce6000 	/System/Library/Frameworks/CoreData.framework/Versions/A/CoreData
0x0000000004ce6000 	/System/Library/PrivateFrameworks/RemoteViewServices.framework/Versions/A/RemoteViewServices
0x0000000004ce6000 	/System/Library/PrivateFrameworks/UIFoundation.framework/Versions/A/UIFoundation
0x0000000004ce6000 	/System/Library/Frameworks/IOSurface.framework/Versions/A/IOSurface
0x0000000004ce6000 	/System/Library/Frameworks/AudioToolbox.framework/Versions/A/AudioToolbox
0x0000000004ce6000 	/System/Library/Frameworks/AudioUnit.framework/Versions/A/AudioUnit
0x0000000004ce6000 	/System/Library/PrivateFrameworks/DataDetectorsCore.framework/Versions/A/DataDetectorsCore
0x0000000004ce6000 	/System/Library/PrivateFrameworks/DesktopServicesPriv.framework/Versions/A/DesktopServicesPriv
0x0000000004ce6000 	/System/Library/Frameworks/Carbon.framework/Versions/A/Frameworks/HIToolbox.framework/Versions/A/HIToolbox
0x0000000004ce6000 	/System/Library/Frameworks/QuartzCore.framework/Versions/A/QuartzCore
0x0000000004ce6000 	/System/Library/Frameworks/Carbon.framework/Versions/A/Frameworks/SpeechRecognition.framework/Versions/A/SpeechRecognition
0x0000000004ce6000 	/usr/lib/libauto.dylib
0x0000000004ce6000 	/usr/lib/libicucore.A.dylib
0x0000000004ce6000 	/usr/lib/libxml2.2.dylib
0x0000000004ce6000 	/System/Library/PrivateFrameworks/CoreUI.framework/Versions/A/CoreUI
0x0000000004ce6000 	/System/Library/Frameworks/CoreAudio.framework/Versions/A/CoreAudio
0x0000000004ce6000 	/System/Library/Frameworks/DiskArbitration.framework/Versions/A/DiskArbitration
0x0000000004ce6000 	/usr/lib/liblangid.dylib
0x0000000004ce6000 	/System/Library/PrivateFrameworks/MultitouchSupport.framework/Versions/A/MultitouchSupport
0x0000000004ce6000 	/System/Library/Frameworks/IOKit.framework/Versions/A/IOKit
0x0000000004ce6000 	/usr/lib/libDiagnosticMessagesClient.dylib
0x0000000004ce6000 	/System/Library/Frameworks/CoreServices.framework/Versions/A/CoreServices
0x0000000004ce6000 	/System/Library/PrivateFrameworks/PerformanceAnalysis.framework/Versions/A/PerformanceAnalysis
0x0000000004ce6000 	/System/Library/PrivateFrameworks/GenerationalStorage.framework/Versions/A/GenerationalStorage
0x0000000004ce6000 	/System/Library/Frameworks/OpenGL.framework/Versions/A/OpenGL
0x0000000004ce6000 	/System/Library/PrivateFrameworks/Sharing.framework/Versions/A/Sharing
0x0000000004ce6000 	/System/Library/Frameworks/CoreGraphics.framework/Versions/A/CoreGraphics
0x0000000004ce6000 	/System/Library/Frameworks/CoreText.framework/Versions/A/CoreText
0x0000000004ce6000 	/System/Library/Frameworks/ImageIO.framework/Versions/A/ImageIO
0x0000000004ce6000 	/usr/lib/libextension.dylib
0x0000000004ce6000 	/System/Library/PrivateFrameworks/Backup.framework/Versions/A/Backup
0x0000000004ce6000 	/usr/lib/libarchive.2.dylib
0x0000000004ce6000 	/System/Library/Frameworks/CFNetwork.framework/Versions/A/CFNetwork
0x0000000004ce6000 	/System/Library/Frameworks/SystemConfiguration.framework/Versions/A/SystemConfiguration
0x0000000004ce6000 	/usr/lib/libCRFSuite.dylib
0x0000000004ce6000 	/usr/lib/libc++.1.dylib
0x0000000004ce6000 	/usr/lib/libc++abi.dylib
0x0000000004ce6000 	/usr/lib/system/libcache.dylib
0x0000000004ce6000 	/usr/lib/system/libcommonCrypto.dylib
0x0000000004ce6000 	/usr/lib/system/libcompiler_rt.dylib
0x0000000004ce6000 	/usr/lib/system/libcopyfile.dylib
0x0000000004ce6000 	/usr/lib/system/libcorecrypto.dylib
0x0000000004ce6000 	/usr/lib/system/libdispatch.dylib
0x0000000004ce6000 	/usr/lib/system/libdyld.dylib
0x0000000004ce6000 	/usr/lib/system/libkeymgr.dylib
0x0000000004ce6000 	/usr/lib/system/liblaunch.dylib
0x0000000004ce6000 	/usr/lib/system/libmacho.dylib
0x0000000004ce6000 	/usr/lib/system/libquarantine.dylib
0x0000000004ce6000 	/usr/lib/system/libremovefile.dylib
0x0000000004ce6000 	/usr/lib/system/libsystem_asl.dylib
0x0000000004ce6000 	/usr/lib/system/libsystem_blocks.dylib
0x0000000004ce6000 	/usr/lib/system/libsystem_c.dylib
0x0000000004ce6000 	/usr/lib/system/libsystem_configuration.dylib
0x0000000004ce6000 	/usr/lib/system/libsystem_coreservices.dylib
0x0000000004ce6000 	/usr/lib/system/libsystem_coretls.dylib
0x0000000004ce6000 	/usr/lib/system/libsystem_dnssd.dylib
0x0000000004ce6000 	/usr/lib/system/libsystem_info.dylib
0x0000000004ce6000 	/usr/lib/system/libsystem_kernel.dylib
0x0000000004ce6000 	/usr/lib/system/libsystem_m.dylib
0x0000000004ce6000 	/usr/lib/system/libsystem_malloc.dylib
0x0000000004ce6000 	/usr/lib/system/libsystem_network.dylib
0x0000000004ce6000 	/usr/lib/system/libsystem_networkextension.dylib
0x0000000004ce6000 	/usr/lib/system/libsystem_notify.dylib
0x0000000004ce6000 	/usr/lib/system/libsystem_platform.dylib
0x0000000004ce6000 	/usr/lib/system/libsystem_pthread.dylib
0x0000000004ce6000 	/usr/lib/system/libsystem_sandbox.dylib
0x0000000004ce6000 	/usr/lib/system/libsystem_secinit.dylib
0x0000000004ce6000 	/usr/lib/system/libsystem_stats.dylib
0x0000000004ce6000 	/usr/lib/system/libsystem_trace.dylib
0x0000000004ce6000 	/usr/lib/system/libunc.dylib
0x0000000004ce6000 	/usr/lib/system/libunwind.dylib
0x0000000004ce6000 	/usr/lib/system/libxpc.dylib
0x0000000004ce6000 	/usr/lib/libbz2.1.0.dylib
0x0000000004ce6000 	/usr/lib/liblzma.5.dylib
0x0000000004ce6000 	/usr/lib/libbsm.0.dylib
0x0000000004ce6000 	/usr/lib/libsqlite3.dylib
0x0000000004ce6000 	/usr/lib/system/libkxld.dylib
0x0000000004ce6000 	/usr/lib/libxar.1.dylib
0x0000000004ce6000 	/usr/lib/libpam.2.dylib
0x0000000004ce6000 	/usr/lib/libOpenScriptingUtil.dylib
0x0000000004ce6000 	/System/Library/Frameworks/CoreServices.framework/Versions/A/Frameworks/FSEvents.framework/Versions/A/FSEvents
0x0000000004ce6000 	/System/Library/Frameworks/CoreServices.framework/Versions/A/Frameworks/CarbonCore.framework/Versions/A/CarbonCore
0x0000000004ce6000 	/System/Library/Frameworks/CoreServices.framework/Versions/A/Frameworks/Metadata.framework/Versions/A/Metadata
0x0000000004ce6000 	/System/Library/Frameworks/CoreServices.framework/Versions/A/Frameworks/OSServices.framework/Versions/A/OSServices
0x0000000004ce6000 	/System/Library/Frameworks/CoreServices.framework/Versions/A/Frameworks/SearchKit.framework/Versions/A/SearchKit
0x0000000004ce6000 	/System/Library/Frameworks/CoreServices.framework/Versions/A/Frameworks/AE.framework/Versions/A/AE
0x0000000004ce6000 	/System/Library/Frameworks/CoreServices.framework/Versions/A/Frameworks/LaunchServices.framework/Versions/A/LaunchServices
0x0000000004ce6000 	/System/Library/Frameworks/CoreServices.framework/Versions/A/Frameworks/DictionaryServices.framework/Versions/A/DictionaryServices
0x0000000004ce6000 	/System/Library/Frameworks/NetFS.framework/Versions/A/NetFS
0x0000000004ce6000 	/System/Library/PrivateFrameworks/NetAuth.framework/Versions/A/NetAuth
0x0000000004ce6000 	/System/Library/PrivateFrameworks/login.framework/Versions/A/Frameworks/loginsupport.framework/Versions/A/loginsupport
0x0000000004ce6000 	/System/Library/PrivateFrameworks/TCC.framework/Versions/A/TCC
0x0000000004ce6000 	/usr/lib/libmecabra.dylib
0x0000000004ce6000 	/System/Library/Frameworks/ApplicationServices.framework/Versions/A/Frameworks/ATS.framework/Versions/A/ATS
0x0000000004ce6000 	/System/Library/Frameworks/ApplicationServices.framework/Versions/A/Frameworks/ColorSync.framework/Versions/A/ColorSync
0x0000000004ce6000 	/System/Library/Frameworks/ApplicationServices.framework/Versions/A/Frameworks/HIServices.framework/Versions/A/HIServices
0x0000000004ce6000 	/System/Library/Frameworks/ApplicationServices.framework/Versions/A/Frameworks/LangAnalysis.framework/Versions/A/LangAnalysis
0x0000000004ce6000 	/System/Library/Frameworks/ApplicationServices.framework/Versions/A/Frameworks/PrintCore.framework/Versions/A/PrintCore
0x0000000004ce6000 	/System/Library/Frameworks/ApplicationServices.framework/Versions/A/Frameworks/QD.framework/Versions/A/QD
0x0000000004ce6000 	/System/Library/Frameworks/ApplicationServices.framework/Versions/A/Frameworks/SpeechSynthesis.framework/Versions/A/SpeechSynthesis
0x0000000004ce6000 	/System/Library/Frameworks/Accelerate.framework/Versions/A/Accelerate
0x0000000004ce6000 	/System/Library/Frameworks/Accelerate.framework/Versions/A/Frameworks/vImage.framework/Versions/A/vImage
0x0000000004ce6000 	/System/Library/Frameworks/Accelerate.framework/Versions/A/Frameworks/vecLib.framework/Versions/A/vecLib
0x0000000004ce6000 	/System/Library/Frameworks/Accelerate.framework/Versions/A/Frameworks/vecLib.framework/Versions/A/libvDSP.dylib
0x0000000004ce6000 	/System/Library/Frameworks/Accelerate.framework/Versions/A/Frameworks/vecLib.framework/Versions/A/libvMisc.dylib
0x0000000004ce6000 	/System/Library/Frameworks/Accelerate.framework/Versions/A/Frameworks/vecLib.framework/Versions/A/libLAPACK.dylib
0x0000000004ce6000 	/System/Library/Frameworks/Accelerate.framework/Versions/A/Frameworks/vecLib.framework/Versions/A/libBLAS.dylib
0x0000000004ce6000 	/System/Library/Frameworks/Accelerate.framework/Versions/A/Frameworks/vecLib.framework/Versions/A/libLinearAlgebra.dylib
0x0000000004ce6000 	/System/Library/Frameworks/ApplicationServices.framework/Versions/A/Frameworks/ATS.framework/Versions/A/Resources/libFontParser.dylib
0x0000000004ce6000 	/System/Library/Frameworks/ApplicationServices.framework/Versions/A/Frameworks/ATS.framework/Versions/A/Resources/libFontRegistry.dylib
0x0000000004ce6000 	/System/Library/PrivateFrameworks/AppleVPA.framework/Versions/A/AppleVPA
0x0000000004ce6000 	/System/Library/PrivateFrameworks/AppleJPEG.framework/Versions/A/AppleJPEG
0x0000000004ce6000 	/System/Library/Frameworks/ImageIO.framework/Versions/A/Resources/libJPEG.dylib
0x0000000004ce6000 	/System/Library/Frameworks/ImageIO.framework/Versions/A/Resources/libTIFF.dylib
0x0000000004ce6000 	/System/Library/Frameworks/ImageIO.framework/Versions/A/Resources/libPng.dylib
0x0000000004ce6000 	/System/Library/Frameworks/ImageIO.framework/Versions/A/Resources/libGIF.dylib
0x0000000004ce6000 	/System/Library/Frameworks/ImageIO.framework/Versions/A/Resources/libJP2.dylib
0x0000000004ce6000 	/System/Library/Frameworks/ImageIO.framework/Versions/A/Resources/libRadiance.dylib
0x0000000004ce6000 	/System/Library/Frameworks/CoreVideo.framework/Versions/A/CoreVideo
0x0000000004ce6000 	/System/Library/Frameworks/OpenGL.framework/Versions/A/Libraries/libGLU.dylib
0x0000000004ce6000 	/System/Library/Frameworks/OpenGL.framework/Versions/A/Libraries/libGFXShared.dylib
0x0000000004ce6000 	/System/Library/Frameworks/OpenGL.framework/Versions/A/Libraries/libGL.dylib
0x0000000004ce6000 	/System/Library/Frameworks/OpenGL.framework/Versions/A/Libraries/libGLImage.dylib
0x0000000004ce6000 	/System/Library/Frameworks/OpenGL.framework/Versions/A/Libraries/libCVMSPluginSupport.dylib
0x0000000004ce6000 	/System/Library/Frameworks/OpenGL.framework/Versions/A/Libraries/libCoreVMClient.dylib
0x0000000004ce6000 	/usr/lib/libcups.2.dylib
0x0000000004ce6000 	/System/Library/Frameworks/Kerberos.framework/Versions/A/Kerberos
0x0000000004ce6000 	/System/Library/Frameworks/GSS.framework/Versions/A/GSS
0x0000000004ce6000 	/usr/lib/libresolv.9.dylib
0x0000000004ce6000 	/usr/lib/libiconv.2.dylib
0x0000000004ce6000 	/System/Library/PrivateFrameworks/Heimdal.framework/Versions/A/Heimdal
0x0000000004ce6000 	/usr/lib/libheimdal-asn1.dylib
0x0000000004ce6000 	/System/Library/Frameworks/OpenDirectory.framework/Versions/A/OpenDirectory
0x0000000004ce6000 	/System/Library/PrivateFrameworks/CommonAuth.framework/Versions/A/CommonAuth
0x0000000004ce6000 	/System/Library/Frameworks/OpenDirectory.framework/Versions/A/Frameworks/CFOpenDirectory.framework/Versions/A/CFOpenDirectory
0x0000000004ce6000 	/System/Library/Frameworks/SecurityFoundation.framework/Versions/A/SecurityFoundation
0x0000000004ce6000 	/System/Library/PrivateFrameworks/LanguageModeling.framework/Versions/A/LanguageModeling
0x0000000004ce6000 	/usr/lib/libcmph.dylib
0x0000000004ce6000 	/System/Library/Frameworks/ServiceManagement.framework/Versions/A/ServiceManagement
0x0000000004ce6000 	/usr/lib/libxslt.1.dylib
0x0000000004ce6000 	/System/Library/Frameworks/Carbon.framework/Versions/A/Frameworks/Ink.framework/Versions/A/Ink
0x0000000004ce6000 	/System/Library/Frameworks/QuartzCore.framework/Versions/A/Frameworks/CoreImage.framework/Versions/A/CoreImage
0x0000000004ce6000 	/System/Library/PrivateFrameworks/CrashReporterSupport.framework/Versions/A/CrashReporterSupport
0x0000000004ce6000 	/System/Library/Frameworks/OpenCL.framework/Versions/A/OpenCL
0x0000000004ce6000 	/System/Library/PrivateFrameworks/FaceCore.framework/Versions/A/FaceCore
0x0000000004ce6000 	/System/Library/PrivateFrameworks/Ubiquity.framework/Versions/A/Ubiquity
0x0000000004ce6000 	/System/Library/PrivateFrameworks/IconServices.framework/Versions/A/IconServices
0x0000000004ce6000 	/System/Library/PrivateFrameworks/ChunkingLibrary.framework/Versions/A/ChunkingLibrary
0x0000000004ce6000 	/System/Library/PrivateFrameworks/Apple80211.framework/Versions/A/Apple80211
0x0000000004ce6000 	/System/Library/Frameworks/CoreWLAN.framework/Versions/A/CoreWLAN
0x0000000004ce6000 	/System/Library/Frameworks/IOBluetooth.framework/Versions/A/IOBluetooth
0x0000000004ce6000 	/System/Library/PrivateFrameworks/CoreWiFi.framework/Versions/A/CoreWiFi
0x0000000004ce6000 	/System/Library/Frameworks/CoreBluetooth.framework/Versions/A/CoreBluetooth
0x0000000004ce6000 	/System/Library/PrivateFrameworks/DebugSymbols.framework/Versions/A/DebugSymbols
0x0000000004ce6000 	/System/Library/PrivateFrameworks/CoreSymbolication.framework/Versions/A/CoreSymbolication
0x0000000004ce6000 	/System/Library/PrivateFrameworks/Symbolication.framework/Versions/A/Symbolication
0x0000000004ce6000 	/System/Library/PrivateFrameworks/SpeechRecognitionCore.framework/Versions/A/SpeechRecognitionCore
0x0000000106b9d000 	/Library/Java/JavaVirtualMachines/jdk1.8.0_51.jdk/Contents/Home/jre/lib/server/libjvm.dylib
0x0000000004ce6000 	/usr/lib/libstdc++.6.dylib
0x0000000107c09000 	/Library/Java/JavaVirtualMachines/jdk1.8.0_51.jdk/Contents/Home/jre/lib/libverify.dylib
0x0000000107c17000 	/Library/Java/JavaVirtualMachines/jdk1.8.0_51.jdk/Contents/Home/jre/lib/libjava.dylib
0x0000000107c64000 	/Library/Java/JavaVirtualMachines/jdk1.8.0_51.jdk/Contents/Home/jre/lib/libjdwp.dylib
0x0000000107caf000 	/Library/Java/JavaVirtualMachines/jdk1.8.0_51.jdk/Contents/Home/jre/lib/libnpt.dylib
0x0000000107cbc000 	/Library/Java/JavaVirtualMachines/jdk1.8.0_51.jdk/Contents/Home/jre/lib/libzip.dylib
0x000000011e54d000 	/System/Library/Frameworks/JavaVM.framework/Frameworks/JavaRuntimeSupport.framework/JavaRuntimeSupport
0x000000011e563000 	/System/Library/Frameworks/JavaVM.framework/Versions/A/Frameworks/JavaNativeFoundation.framework/Versions/A/JavaNativeFoundation
0x0000000107df1000 	/System/Library/Frameworks/JavaVM.framework/Versions/A/JavaVM
0x0000000004ce6000 	/System/Library/Frameworks/Carbon.framework/Versions/A/Carbon
0x000000011e577000 	/System/Library/PrivateFrameworks/JavaLaunching.framework/Versions/A/JavaLaunching
0x0000000004ce6000 	/System/Library/Frameworks/Carbon.framework/Versions/A/Frameworks/CommonPanels.framework/Versions/A/CommonPanels
0x0000000004ce6000 	/System/Library/Frameworks/Carbon.framework/Versions/A/Frameworks/Help.framework/Versions/A/Help
0x0000000004ce6000 	/System/Library/Frameworks/Carbon.framework/Versions/A/Frameworks/ImageCapture.framework/Versions/A/ImageCapture
0x0000000004ce6000 	/System/Library/Frameworks/Carbon.framework/Versions/A/Frameworks/OpenScripting.framework/Versions/A/OpenScripting
0x0000000004ce6000 	/System/Library/Frameworks/Carbon.framework/Versions/A/Frameworks/Print.framework/Versions/A/Print
0x0000000004ce6000 	/System/Library/Frameworks/Carbon.framework/Versions/A/Frameworks/SecurityHI.framework/Versions/A/SecurityHI
0x000000011ff64000 	/Library/Java/JavaVirtualMachines/jdk1.8.0_51.jdk/Contents/Home/jre/lib/libdt_socket.dylib
0x000000012085c000 	/Library/Java/JavaVirtualMachines/jdk1.8.0_51.jdk/Contents/Home/jre/lib/libnet.dylib

VM Arguments:
jvm_args: -agentlib:jdwp=transport=dt_socket,suspend=y,address=localhost:64960 -Dfile.encoding=UTF-8 
java_command: org.eclipse.jdt.internal.junit.runner.RemoteTestRunner -version 3 -port 64959 -testLoaderClass org.eclipse.jdt.internal.junit.runner.junit3.JUnit3TestLoader -loaderpluginname org.eclipse.jdt.junit.runtime -classNames br.unb.cic.imdb.integracao.FooTest
java_class_path (initial): /Users/rbonifacio/Dropbox/unb/poo/workspace2015/imdb/target/test-classes:/Users/rbonifacio/Dropbox/unb/poo/workspace2015/imdb/target/classes:/Users/rbonifacio/Tools/Eclipse.app/Contents/Eclipse/plugins/org.junit_4.12.0.v201504281640/junit.jar:/Users/rbonifacio/.m2/repository/org/springframework/spring-core/3.0.5.RELEASE/spring-core-3.0.5.RELEASE.jar:/Users/rbonifacio/.m2/repository/org/springframework/spring-asm/3.0.5.RELEASE/spring-asm-3.0.5.RELEASE.jar:/Users/rbonifacio/.m2/repository/commons-logging/commons-logging/1.1.1/commons-logging-1.1.1.jar:/Users/rbonifacio/.m2/repository/org/springframework/spring-context/3.0.5.RELEASE/spring-context-3.0.5.RELEASE.jar:/Users/rbonifacio/.m2/repository/org/springframework/spring-aop/3.0.5.RELEASE/spring-aop-3.0.5.RELEASE.jar:/Users/rbonifacio/.m2/repository/aopalliance/aopalliance/1.0/aopalliance-1.0.jar:/Users/rbonifacio/.m2/repository/org/springframework/spring-beans/3.0.5.RELEASE/spring-beans-3.0.5.RELEASE.jar:/Users/rbonifacio/.m2/repository/org/springframework/spring-expression/3.0.5.RELEASE/spring-expression-3.0.5.RELEASE.jar:/Users/rbonifacio/.m2/repository/org/hibernate/hibernate-entitymanager/3.6.8.Final/hibernate-entitymanager-3.6.8.Final.jar:/Users/rbonifacio/.m2/repository/org/hibernate/hibernate-core/3.6.8.Final/hibernate-core-3.6.8.Final.jar:/Users/rbonifacio/.m2/repository/antlr/antlr/2.7.6/antlr-2.7.6.jar:/Users/rbonifacio/.m2/repository/commons-collections/commons-collections/3.1/commons-collections-3.1.jar:/Users/rbonifacio/.m2/repository/dom4j/dom4j/1.6.1/dom4j-1.6.1.jar:/Users/rbonifacio/.m2/repository/org/hibernate/hibernate-commons-annotations/3.2.0.Final/hibernate-commons-annotations-3.2.0.Final.jar:/Users/rbonifacio/.m2/repository/javax/transaction/jta/1.1/jta-1.1.jar:/Users/rbonifacio/.m2/repository/cglib/cglib/2.2/cglib-2.2.jar:/Users/rbonifacio/.m2/repository/asm/asm/3.1/asm-3.1.jar:/Users/rbonifacio/.m2/repository/javassist/javassist/3.12.0.GA/javassist-3.12.0.GA.jar:
Launcher Type: SUN_STANDARD

Environment Variables:
PATH=/usr/bin:/bin:/usr/sbin:/sbin
SHELL=/bin/bash

Signal Handlers:
SIGSEGV: [libjvm.dylib+0x58ef35], sa_mask[0]=11111111011111110111111111111111, sa_flags=SA_ONSTACK|SA_RESTART|SA_SIGINFO
SIGBUS: [libjvm.dylib+0x58ef35], sa_mask[0]=11111111011111110111111111111111, sa_flags=SA_RESTART|SA_SIGINFO
SIGFPE: [libjvm.dylib+0x46c028], sa_mask[0]=11111111011111110111111111111111, sa_flags=SA_RESTART|SA_SIGINFO
SIGPIPE: [libjvm.dylib+0x46c028], sa_mask[0]=11111111011111110111111111111111, sa_flags=SA_RESTART|SA_SIGINFO
SIGXFSZ: [libjvm.dylib+0x46c028], sa_mask[0]=11111111011111110111111111111111, sa_flags=SA_RESTART|SA_SIGINFO
SIGILL: [libjvm.dylib+0x46c028], sa_mask[0]=11111111011111110111111111111111, sa_flags=SA_RESTART|SA_SIGINFO
SIGUSR1: SIG_DFL, sa_mask[0]=00000000000000000000000000000000, sa_flags=none
SIGUSR2: [libjvm.dylib+0x46bb46], sa_mask[0]=00100000000000000000000000000000, sa_flags=SA_RESTART|SA_SIGINFO
SIGHUP: [libjvm.dylib+0x46a119], sa_mask[0]=11111111011111110111111111111111, sa_flags=SA_RESTART|SA_SIGINFO
SIGINT: [libjvm.dylib+0x46a119], sa_mask[0]=11111111011111110111111111111111, sa_flags=SA_RESTART|SA_SIGINFO
SIGTERM: [libjvm.dylib+0x46a119], sa_mask[0]=11111111011111110111111111111111, sa_flags=SA_RESTART|SA_SIGINFO
SIGQUIT: [libjvm.dylib+0x46a119], sa_mask[0]=11111111011111110111111111111111, sa_flags=SA_RESTART|SA_SIGINFO


---------------  S Y S T E M  ---------------

OS:Bsduname:Darwin 14.4.0 Darwin Kernel Version 14.4.0: Thu May 28 11:35:04 PDT 2015; root:xnu-2782.30.5~1/RELEASE_X86_64 x86_64
rlimit: STACK 8192k, CORE 0k, NPROC 709, NOFILE 10240, AS infinity
load average:1.52 1.43 1.67

CPU:total 4 (2 cores per cpu, 2 threads per core) family 6 model 58 stepping 9, cmov, cx8, fxsr, mmx, sse, sse2, sse3, ssse3, sse4.1, sse4.2, popcnt, avx, aes, clmul, erms, ht, tsc, tscinvbit, tscinv

Memory: 4k page, physical 8388608k(838948k free)

/proc/meminfo:


vm_info: Java HotSpot(TM) 64-Bit Server VM (25.51-b03) for bsd-amd64 JRE (1.8.0_51-b16), built on Jun  8 2015 18:01:11 by "java_re" with gcc 4.2.1 (Based on Apple Inc. build 5658) (LLVM build 2336.11.00)

time: Thu Oct 15 10:56:03 2015
elapsed time: 25 seconds (0d 0h 0m 25s)

